2019-06-09 00:28:20 [scrapy.utils.log] INFO: Scrapy 1.6.0 started (bot: main_node)
2019-06-09 00:28:20 [scrapy.utils.log] INFO: Versions: lxml 4.3.3.0, libxml2 2.9.5, cssselect 1.0.3, parsel 1.5.1, w3lib 1.20.0, Twisted 19.2.1, Python 3.6.4 (v3.6.4:d48eceb, Dec 19 2017, 06:04:45) [MSC v.1900 32 bit (Intel)], pyOpenSSL 19.0.0 (OpenSSL 1.1.1c  28 May 2019), cryptography 2.7, Platform Windows-10-10.0.17134-SP0
2019-06-09 00:28:20 [scrapy.crawler] INFO: Overridden settings: {'BOT_NAME': 'main_node', 'COOKIES_ENABLED': False, 'DOWNLOAD_DELAY': 3, 'LOG_ENABLED': False, 'LOG_FILE': 'logs/scrapy.log', 'LOG_LEVEL': 'INFO', 'NEWSPIDER_MODULE': 'main_node.spiders', 'SPIDER_MODULES': ['main_node.spiders'], 'USER_AGENT': 'Mozilla/5.0 (Windows NT 6.1; WOW64) AppleWebKit/536.6 '}
2019-06-09 00:28:20 [scrapy.extensions.telnet] INFO: Telnet Password: 1e7529b91126997a
2019-06-09 00:28:20 [scrapy.middleware] INFO: Enabled extensions:
['scrapy.extensions.corestats.CoreStats',
 'scrapy.extensions.telnet.TelnetConsole',
 'scrapy.extensions.logstats.LogStats']
2019-06-09 00:28:21 [scrapy.middleware] INFO: Enabled downloader middlewares:
['scrapy.downloadermiddlewares.httpauth.HttpAuthMiddleware',
 'scrapy.downloadermiddlewares.downloadtimeout.DownloadTimeoutMiddleware',
 'scrapy.downloadermiddlewares.defaultheaders.DefaultHeadersMiddleware',
 'scrapy.downloadermiddlewares.useragent.UserAgentMiddleware',
 'scrapy.downloadermiddlewares.retry.RetryMiddleware',
 'scrapy.downloadermiddlewares.redirect.MetaRefreshMiddleware',
 'scrapy.downloadermiddlewares.httpcompression.HttpCompressionMiddleware',
 'scrapy.downloadermiddlewares.redirect.RedirectMiddleware',
 'scrapy.downloadermiddlewares.httpproxy.HttpProxyMiddleware',
 'scrapy.downloadermiddlewares.stats.DownloaderStats']
2019-06-09 00:28:21 [scrapy.middleware] INFO: Enabled spider middlewares:
['scrapy.spidermiddlewares.httperror.HttpErrorMiddleware',
 'scrapy.spidermiddlewares.offsite.OffsiteMiddleware',
 'scrapy.spidermiddlewares.referer.RefererMiddleware',
 'scrapy.spidermiddlewares.urllength.UrlLengthMiddleware',
 'scrapy.spidermiddlewares.depth.DepthMiddleware']
2019-06-09 00:28:21 [scrapy.middleware] INFO: Enabled item pipelines:
['main_node.pipelines.mongodb.SingleMongodbPipeline']
2019-06-09 00:28:21 [scrapy.core.engine] INFO: Spider opened
2019-06-09 00:28:21 [scrapy.extensions.logstats] INFO: Crawled 0 pages (at 0 pages/min), scraped 0 items (at 0 items/min)
2019-06-09 00:28:21 [scrapy.extensions.telnet] INFO: Telnet console listening on 127.0.0.1:6023
2019-06-09 00:28:22 [scrapy.core.scraper] ERROR: Spider error processing <GET https://movie.douban.com/subject/1292052/> (referer: None)
Traceback (most recent call last):
  File "d:\zx_workspace\distributed_crawler_for_news\venv\lib\site-packages\twisted\internet\defer.py", line 654, in _runCallbacks
    current.result = callback(current.result, *args, **kw)
  File "D:\ZX_workspace\distributed_crawler_for_news\main_node\main_node\spiders\main.py", line 18, in parse
    item['name'] = sel.xpath('//*[@id="content"]/h1/span[1]/text()').extract()
TypeError: 'SingleMongodbPipeline' object does not support item assignment
2019-06-09 00:28:22 [scrapy.core.engine] INFO: Closing spider (finished)
2019-06-09 00:28:22 [scrapy.statscollectors] INFO: Dumping Scrapy stats:
{'downloader/request_bytes': 343,
 'downloader/request_count': 1,
 'downloader/request_method_count/GET': 1,
 'downloader/response_bytes': 27884,
 'downloader/response_count': 1,
 'downloader/response_status_count/200': 1,
 'finish_reason': 'finished',
 'finish_time': datetime.datetime(2019, 6, 8, 16, 28, 22, 379129),
 'log_count/ERROR': 1,
 'log_count/INFO': 9,
 'response_received_count': 1,
 'scheduler/dequeued': 1,
 'scheduler/dequeued/memory': 1,
 'scheduler/enqueued': 1,
 'scheduler/enqueued/memory': 1,
 'spider_exceptions/TypeError': 1,
 'start_time': datetime.datetime(2019, 6, 8, 16, 28, 21, 285399)}
2019-06-09 00:28:22 [scrapy.core.engine] INFO: Spider closed (finished)
2019-06-09 00:32:04 [scrapy.utils.log] INFO: Scrapy 1.6.0 started (bot: main_node)
2019-06-09 00:32:04 [scrapy.utils.log] INFO: Versions: lxml 4.3.3.0, libxml2 2.9.5, cssselect 1.0.3, parsel 1.5.1, w3lib 1.20.0, Twisted 19.2.1, Python 3.6.4 (v3.6.4:d48eceb, Dec 19 2017, 06:04:45) [MSC v.1900 32 bit (Intel)], pyOpenSSL 19.0.0 (OpenSSL 1.1.1c  28 May 2019), cryptography 2.7, Platform Windows-10-10.0.17134-SP0
2019-06-09 00:32:04 [scrapy.crawler] INFO: Overridden settings: {'BOT_NAME': 'main_node', 'COOKIES_ENABLED': False, 'DOWNLOAD_DELAY': 3, 'LOG_ENABLED': False, 'LOG_FILE': 'logs/scrapy.log', 'LOG_LEVEL': 'INFO', 'NEWSPIDER_MODULE': 'main_node.spiders', 'SPIDER_MODULES': ['main_node.spiders'], 'USER_AGENT': 'Mozilla/5.0 (Windows NT 6.1; WOW64) AppleWebKit/536.6 '}
2019-06-09 00:32:04 [scrapy.extensions.telnet] INFO: Telnet Password: e0fbaa347e55f948
2019-06-09 00:32:04 [scrapy.middleware] INFO: Enabled extensions:
['scrapy.extensions.corestats.CoreStats',
 'scrapy.extensions.telnet.TelnetConsole',
 'scrapy.extensions.logstats.LogStats']
2019-06-09 00:32:04 [scrapy.middleware] INFO: Enabled downloader middlewares:
['scrapy.downloadermiddlewares.httpauth.HttpAuthMiddleware',
 'scrapy.downloadermiddlewares.downloadtimeout.DownloadTimeoutMiddleware',
 'scrapy.downloadermiddlewares.defaultheaders.DefaultHeadersMiddleware',
 'scrapy.downloadermiddlewares.useragent.UserAgentMiddleware',
 'scrapy.downloadermiddlewares.retry.RetryMiddleware',
 'scrapy.downloadermiddlewares.redirect.MetaRefreshMiddleware',
 'scrapy.downloadermiddlewares.httpcompression.HttpCompressionMiddleware',
 'scrapy.downloadermiddlewares.redirect.RedirectMiddleware',
 'scrapy.downloadermiddlewares.httpproxy.HttpProxyMiddleware',
 'scrapy.downloadermiddlewares.stats.DownloaderStats']
2019-06-09 00:32:04 [scrapy.middleware] INFO: Enabled spider middlewares:
['scrapy.spidermiddlewares.httperror.HttpErrorMiddleware',
 'scrapy.spidermiddlewares.offsite.OffsiteMiddleware',
 'scrapy.spidermiddlewares.referer.RefererMiddleware',
 'scrapy.spidermiddlewares.urllength.UrlLengthMiddleware',
 'scrapy.spidermiddlewares.depth.DepthMiddleware']
2019-06-09 00:32:04 [scrapy.middleware] INFO: Enabled item pipelines:
['main_node.pipelines.mongodb.SingleMongodbPipeline']
2019-06-09 00:32:04 [scrapy.core.engine] INFO: Spider opened
2019-06-09 00:32:04 [scrapy.extensions.logstats] INFO: Crawled 0 pages (at 0 pages/min), scraped 0 items (at 0 items/min)
2019-06-09 00:32:04 [scrapy.extensions.telnet] INFO: Telnet console listening on 127.0.0.1:6023
2019-06-09 00:32:06 [scrapy.core.scraper] ERROR: Spider error processing <GET https://movie.douban.com/subject/1292052/> (referer: None)
Traceback (most recent call last):
  File "d:\zx_workspace\distributed_crawler_for_news\venv\lib\site-packages\twisted\internet\defer.py", line 654, in _runCallbacks
    current.result = callback(current.result, *args, **kw)
  File "D:\ZX_workspace\distributed_crawler_for_news\main_node\main_node\spiders\main.py", line 19, in parse
    item = SingleMongodbPipeline()
NameError: name 'SingleMongodbPipeline' is not defined
2019-06-09 00:32:06 [scrapy.core.engine] INFO: Closing spider (finished)
2019-06-09 00:32:06 [scrapy.statscollectors] INFO: Dumping Scrapy stats:
{'downloader/request_bytes': 344,
 'downloader/request_count': 1,
 'downloader/request_method_count/GET': 1,
 'downloader/response_bytes': 27620,
 'downloader/response_count': 1,
 'downloader/response_status_count/200': 1,
 'finish_reason': 'finished',
 'finish_time': datetime.datetime(2019, 6, 8, 16, 32, 6, 445880),
 'log_count/ERROR': 1,
 'log_count/INFO': 9,
 'response_received_count': 1,
 'scheduler/dequeued': 1,
 'scheduler/dequeued/memory': 1,
 'scheduler/enqueued': 1,
 'scheduler/enqueued/memory': 1,
 'spider_exceptions/NameError': 1,
 'start_time': datetime.datetime(2019, 6, 8, 16, 32, 4, 961834)}
2019-06-09 00:32:06 [scrapy.core.engine] INFO: Spider closed (finished)
2019-06-09 00:32:49 [scrapy.utils.log] INFO: Scrapy 1.6.0 started (bot: main_node)
2019-06-09 00:32:49 [scrapy.utils.log] INFO: Versions: lxml 4.3.3.0, libxml2 2.9.5, cssselect 1.0.3, parsel 1.5.1, w3lib 1.20.0, Twisted 19.2.1, Python 3.6.4 (v3.6.4:d48eceb, Dec 19 2017, 06:04:45) [MSC v.1900 32 bit (Intel)], pyOpenSSL 19.0.0 (OpenSSL 1.1.1c  28 May 2019), cryptography 2.7, Platform Windows-10-10.0.17134-SP0
2019-06-09 00:32:49 [scrapy.crawler] INFO: Overridden settings: {'BOT_NAME': 'main_node', 'COOKIES_ENABLED': False, 'DOWNLOAD_DELAY': 3, 'LOG_ENABLED': False, 'LOG_FILE': 'logs/scrapy.log', 'LOG_LEVEL': 'INFO', 'NEWSPIDER_MODULE': 'main_node.spiders', 'SPIDER_MODULES': ['main_node.spiders'], 'USER_AGENT': 'Mozilla/5.0 (Windows NT 6.1; WOW64) AppleWebKit/536.6 '}
2019-06-09 00:32:49 [scrapy.extensions.telnet] INFO: Telnet Password: ee57294dbf2684ef
2019-06-09 00:32:49 [scrapy.middleware] INFO: Enabled extensions:
['scrapy.extensions.corestats.CoreStats',
 'scrapy.extensions.telnet.TelnetConsole',
 'scrapy.extensions.logstats.LogStats']
2019-06-09 00:32:49 [scrapy.middleware] INFO: Enabled downloader middlewares:
['scrapy.downloadermiddlewares.httpauth.HttpAuthMiddleware',
 'scrapy.downloadermiddlewares.downloadtimeout.DownloadTimeoutMiddleware',
 'scrapy.downloadermiddlewares.defaultheaders.DefaultHeadersMiddleware',
 'scrapy.downloadermiddlewares.useragent.UserAgentMiddleware',
 'scrapy.downloadermiddlewares.retry.RetryMiddleware',
 'scrapy.downloadermiddlewares.redirect.MetaRefreshMiddleware',
 'scrapy.downloadermiddlewares.httpcompression.HttpCompressionMiddleware',
 'scrapy.downloadermiddlewares.redirect.RedirectMiddleware',
 'scrapy.downloadermiddlewares.httpproxy.HttpProxyMiddleware',
 'scrapy.downloadermiddlewares.stats.DownloaderStats']
2019-06-09 00:32:49 [scrapy.middleware] INFO: Enabled spider middlewares:
['scrapy.spidermiddlewares.httperror.HttpErrorMiddleware',
 'scrapy.spidermiddlewares.offsite.OffsiteMiddleware',
 'scrapy.spidermiddlewares.referer.RefererMiddleware',
 'scrapy.spidermiddlewares.urllength.UrlLengthMiddleware',
 'scrapy.spidermiddlewares.depth.DepthMiddleware']
2019-06-09 00:32:49 [scrapy.middleware] INFO: Enabled item pipelines:
['main_node.pipelines.mongodb.SingleMongodbPipeline']
2019-06-09 00:32:49 [scrapy.core.engine] INFO: Spider opened
2019-06-09 00:32:49 [scrapy.extensions.logstats] INFO: Crawled 0 pages (at 0 pages/min), scraped 0 items (at 0 items/min)
2019-06-09 00:32:49 [scrapy.extensions.telnet] INFO: Telnet console listening on 127.0.0.1:6023
2019-06-09 00:32:50 [scrapy.core.engine] INFO: Closing spider (finished)
2019-06-09 00:32:50 [scrapy.statscollectors] INFO: Dumping Scrapy stats:
{'downloader/request_bytes': 336,
 'downloader/request_count': 1,
 'downloader/request_method_count/GET': 1,
 'downloader/response_bytes': 27637,
 'downloader/response_count': 1,
 'downloader/response_status_count/200': 1,
 'finish_reason': 'finished',
 'finish_time': datetime.datetime(2019, 6, 8, 16, 32, 50, 509255),
 'item_scraped_count': 1,
 'log_count/INFO': 9,
 'response_received_count': 1,
 'scheduler/dequeued': 1,
 'scheduler/dequeued/memory': 1,
 'scheduler/enqueued': 1,
 'scheduler/enqueued/memory': 1,
 'start_time': datetime.datetime(2019, 6, 8, 16, 32, 49, 678690)}
2019-06-09 00:32:50 [scrapy.core.engine] INFO: Spider closed (finished)
